Arguments: 
  /usr/local/bin/node /usr/local/bin/yarn install

PATH: 
  /home/shasin/.rbenv/plugins/ruby-build/bin:/home/shasin/.rbenv/shims:/home/shasin/.rbenv/bin:/home/shasin/.composer/vendor/bin:/home/shasin/bin:/home/shasin/bin:/home/shasin/.local/bin:/usr/local/sbin:/usr/local/bin:/usr/sbin:/usr/bin:/sbin:/bin:/usr/games:/usr/local/games:/home/shasin/softwares/bin:/snap/bin:/usr/lib/jvm/java-8-oracle/bin:/usr/lib/jvm/java-8-oracle/db/bin:/usr/lib/jvm/java-8-oracle/jre/bin:/home/shasin/.rvm/bin:/home/shasin/Android/Sdk/tools:/home/shasin/Android/Sdk/platform-tools

Yarn version: 
  0.24.5

Node version: 
  7.6.0

Platform: 
  linux x64

npm manifest: 
  {
    "private": true,
    "scripts": {
      "dev": "cross-env NODE_ENV=development node_modules/webpack/bin/webpack.js --progress --hide-modules --config=node_modules/laravel-mix/setup/webpack.config.js",
      "watch": "cross-env NODE_ENV=development node_modules/webpack/bin/webpack.js --watch --progress --hide-modules --config=node_modules/laravel-mix/setup/webpack.config.js",
      "watch-poll": "cross-env NODE_ENV=development node_modules/webpack/bin/webpack.js --watch --watch-poll --progress --hide-modules --config=node_modules/laravel-mix/setup/webpack.config.js",
      "hot": "cross-env NODE_ENV=development node_modules/webpack-dev-server/bin/webpack-dev-server.js --inline --hot --config=node_modules/laravel-mix/setup/webpack.config.js",
      "production": "cross-env NODE_ENV=production node_modules/webpack/bin/webpack.js --progress --hide-modules --config=node_modules/laravel-mix/setup/webpack.config.js"
    },
    "devDependencies": {
      "axios": "^0.15.3",
      "babel-preset-react": "^6.24.1",
      "bootstrap-sass": "^3.3.7",
      "cross-env": "^3.2.3",
      "laravel-mix": "^1.4.3"
    },
    "dependencies": {
      "bootstrap.native": "^2.0.12",
      "prop-types": "^15.5.10",
      "query-string": "^4.3.4",
      "react": "^15.6.1",
      "react-dom": "^15.6.1",
      "react-router-dom": "4.2.1",
      "uuid": "^3.1.0",
      "validator": "^8.0.0"
    }
  }

yarn manifest: 
  No manifest

Lockfile: 
  # THIS IS AN AUTOGENERATED FILE. DO NOT EDIT THIS FILE DIRECTLY.
  # yarn lockfile v1

Trace: 
  Error: https://registry.yarnpkg.com/prettier/-/prettier-1.7.3.tgz: ESOCKETTIMEDOUT
      at ClientRequest.<anonymous> (/usr/local/lib/node_modules/yarn/node_modules/request/request.js:819:19)
      at Object.onceWrapper (events.js:291:19)
      at emitNone (events.js:86:13)
      at ClientRequest.emit (events.js:186:7)
      at TLSSocket.emitTimeout (_http_client.js:679:10)
      at Object.onceWrapper (events.js:291:19)
      at emitNone (events.js:86:13)
      at TLSSocket.emit (events.js:186:7)
      at TLSSocket.Socket._onTimeout (net.js:342:8)
      at ontimeout (timers.js:365:14)
